<?xml version="1.0" encoding="UTF-8"?>
<!-- Generated by org.testng.reporters.JUnitReportReporter -->
<testsuite hostname="DESKTOP-2I02I72" failures="0" tests="1" name="practice1.Sample1Test" time="0.078" errors="0" timestamp="2023-06-04T19:49:32 IST" skipped="0">
  <testcase classname="practice1.Sample1Test" name="welcome" time="0.078"/>
  <system-out/>
</testsuite> <!-- practice1.Sample1Test -->
